Removed Pin From Net: NetName=DVDD Pin=J3-1
Removed Pin From Net: NetName=SDA Pin=J3-2
Removed Pin From Net: NetName=SCL Pin=J3-3
Removed Pin From Net: NetName=PDN Pin=J3-4
Removed Pin From Net: NetName=GPIO2 Pin=J3-5
Removed Pin From Net: NetName=GPIO1 Pin=J3-6
Removed Pin From Net: NetName=GPIO0 Pin=J3-7
Removed Pin From Net: NetName=SDIN Pin=J3-8
Removed Pin From Net: NetName=BCLK Pin=J3-9
Removed Pin From Net: NetName=LRCLK Pin=J3-10
Added Pin To Net: NetName=SDA Pin=J3-1
Added Pin To Net: NetName=SCL Pin=J3-2
Added Pin To Net: NetName=PDN Pin=J3-3
Added Pin To Net: NetName=GPIO2 Pin=J3-4
Added Pin To Net: NetName=GPIO1 Pin=J3-5
Added Pin To Net: NetName=GPIO0 Pin=J3-6
Added Pin To Net: NetName=SDIN Pin=J3-7
Added Pin To Net: NetName=BCLK Pin=J3-8
Added Pin To Net: NetName=LRCLK Pin=J3-9
Added Pin To Net: NetName=DVDD Pin=J3-10
Added Room: Name=Sheet1
